<?xml version="1.0" encoding="utf-8"?><testsuites name="pytest tests"><testsuite name="pytest" errors="0" failures="0" skipped="0" tests="13" time="19.507" timestamp="2026-06-29T08:29:58.274124+00:00" hostname="agent-env-e5973df1-c4c7-4564-a96b-1313a3d2a20f"><testcase classname="backend.tests.test_digital_store_iter7.TestStaticSourceInvariants" name="test_digitalstore_no_window_location_or_sessionstorage" time="0.000" /><testcase classname="backend.tests.test_digital_store_iter7.TestStaticSourceInvariants" name="test_digitalpdfdetail_no_window_location_or_sessionstorage" time="0.000" /><testcase classname="backend.tests.test_digital_store_iter7.TestStaticSourceInvariants" name="test_razorpay_helper_opens_modal_inline" time="0.000" /><testcase classname="backend.tests.test_digital_store_iter7.TestStaticSourceInvariants" name="test_helper_mirrors_batch_buybutton_pattern" time="0.000" /><testcase classname="backend.tests.test_digital_store_iter7.TestCheckoutWithValidKeys" name="test_checkout_returns_200_with_order_and_key_id" time="2.290" /><testcase classname="backend.tests.test_digital_store_iter7.TestCheckoutWithValidKeys" name="test_checkout_404_for_unknown_pdf" time="0.578" /><testcase classname="backend.tests.test_digital_store_iter7.TestCheckoutWithoutKeys" name="test_get_razorpay_keys_raises_500_when_missing" time="0.001" /><testcase classname="backend.tests.test_digital_store_iter7.TestPerUserPurchaseGating" name="test_402_without_purchase" time="2.802" /><testcase classname="backend.tests.test_digital_store_iter7.TestPerUserPurchaseGating" name="test_purchase_for_admin_does_not_unlock_student" time="4.137" /><testcase classname="backend.tests.test_digital_store_iter7.TestPerUserPurchaseGating" name="test_student_purchase_row_unlocks_gate" time="3.736" /><testcase classname="backend.tests.test_digital_store_iter7.TestVerifySignature" name="test_invalid_signature_returns_400" time="0.336" /><testcase classname="backend.tests.test_digital_store_iter7.TestVerifySignature" name="test_valid_signature_passes_hmac_then_502_at_razorpay" time="1.836" /><testcase classname="backend.tests.test_digital_store_iter7.TestBackendHealth" name="test_backend_alive_at_end" time="3.602" /></testsuite></testsuites>