<?xml version="1.0" encoding="utf-8"?><testsuites name="pytest tests"><testsuite name="pytest" errors="0" failures="0" skipped="0" tests="23" time="13.155" timestamp="2026-06-29T02:51:48.801777+00:00" hostname="agent-env-e5973df1-c4c7-4564-a96b-1313a3d2a20f"><testcase classname="backend.tests.test_atlas_production_db.TestEnvConfig" name="test_mongo_url_points_to_atlas" time="0.000" /><testcase classname="backend.tests.test_atlas_production_db.TestEnvConfig" name="test_db_name_is_production" time="0.000" /><testcase classname="backend.tests.test_atlas_production_db.TestProductionDataIntact" name="test_db_is_gyan_rise_lms" time="2.373" /><testcase classname="backend.tests.test_atlas_production_db.TestProductionDataIntact" name="test_users_collection_present" time="0.242" /><testcase classname="backend.tests.test_atlas_production_db.TestProductionDataIntact" name="test_all_original_11_users_present" time="2.663" /><testcase classname="backend.tests.test_atlas_production_db.TestProductionDataIntact" name="test_user_count_at_least_11" time="0.242" /><testcase classname="backend.tests.test_atlas_production_db.TestProductionDataIntact" name="test_no_users_modified_have_password_field" time="2.652" /><testcase classname="backend.tests.test_atlas_production_db.TestProductionDataIntact" name="test_seeded_placeholders_present" time="0.482" /><testcase classname="backend.tests.test_atlas_production_db.TestProductionDataIntact" name="test_production_collection_exists[users]" time="0.242" /><testcase classname="backend.tests.test_atlas_production_db.TestProductionDataIntact" name="test_production_collection_exists[batches]" time="0.241" /><testcase classname="backend.tests.test_atlas_production_db.TestProductionDataIntact" name="test_production_collection_exists[subjects]" time="0.241" /><testcase classname="backend.tests.test_atlas_production_db.TestProductionDataIntact" name="test_production_collection_exists[chapters]" time="0.241" /><testcase classname="backend.tests.test_atlas_production_db.TestProductionDataIntact" name="test_production_collection_exists[videos]" time="0.242" /><testcase classname="backend.tests.test_atlas_production_db.TestProductionDataIntact" name="test_production_collection_exists[notes]" time="0.242" /><testcase classname="backend.tests.test_atlas_production_db.TestProductionDataIntact" name="test_production_collection_exists[tests]" time="0.242" /><testcase classname="backend.tests.test_atlas_production_db.TestProductionDataIntact" name="test_production_collection_exists[live_classes]" time="0.241" /><testcase classname="backend.tests.test_atlas_production_db.TestProductionDataIntact" name="test_production_collection_exists[enrollments]" time="0.241" /><testcase classname="backend.tests.test_atlas_production_db.TestProductionDataIntact" name="test_production_collection_exists[payments]" time="0.241" /><testcase classname="backend.tests.test_atlas_production_db.TestProductionDataIntact" name="test_production_collection_exists[chat_messages]" time="0.241" /><testcase classname="backend.tests.test_atlas_production_db.TestBackendServiceHealth" name="test_me_unauthenticated_returns_401" time="0.144" /><testcase classname="backend.tests.test_atlas_production_db.TestBackendServiceHealth" name="test_login_endpoint_responds_for_original_user_without_brute_force" time="0.564" /><testcase classname="backend.tests.test_atlas_production_db.TestBackendServiceHealth" name="test_login_invalid_email_also_401" time="0.370" /><testcase classname="backend.tests.test_atlas_production_db.TestBackendServiceHealth" name="test_seeded_admin_login_still_works" time="0.557" /></testsuite></testsuites>