<?xml version="1.0" encoding="utf-8"?><testsuites name="pytest tests"><testsuite name="pytest" errors="0" failures="0" skipped="0" tests="12" time="17.585" timestamp="2026-06-29T04:22:46.089516+00:00" hostname="agent-env-e5973df1-c4c7-4564-a96b-1313a3d2a20f"><testcase classname="backend.tests.test_digital_store.TestDigitalStoreList" name="test_list_as_student_has_is_purchased_no_drive_id" time="1.477" /><testcase classname="backend.tests.test_digital_store.TestDigitalStoreList" name="test_list_as_admin_has_drive_id" time="1.135" /><testcase classname="backend.tests.test_digital_store.TestDigitalStoreDetail" name="test_get_detail_student_existing" time="0.839" /><testcase classname="backend.tests.test_digital_store.TestDigitalStoreDetail" name="test_get_detail_admin_has_drive_id" time="0.581" /><testcase classname="backend.tests.test_digital_store.TestDigitalStoreDetail" name="test_get_detail_nonexistent_returns_404" time="0.593" /><testcase classname="backend.tests.test_digital_store.TestRouteOrdering" name="test_purchases_me_still_routes" time="0.599" /><testcase classname="backend.tests.test_digital_store.TestPreviewGate" name="test_preview_blocked_without_purchase" time="0.819" /><testcase classname="backend.tests.test_digital_store.TestCheckoutWithoutRazorpay" name="test_checkout_returns_500_with_detail" time="0.827" /><testcase classname="backend.tests.test_digital_store.TestCheckoutWithoutRazorpay" name="test_backend_still_healthy_after_failed_checkout" time="0.092" /><testcase classname="backend.tests.test_digital_store.TestAdminCreatePublish" name="test_admin_creates_unpublished_pdf_invisible_to_student" time="3.338" /><testcase classname="backend.tests.test_digital_store.TestSimulatedPurchase" name="test_inserting_purchase_row_grants_access_flag" time="5.045" /><testcase classname="backend.tests.test_digital_store.TestSimulatedPurchase" name="test_preview_endpoint_attempts_fetch_after_purchase" time="2.041" /></testsuite></testsuites>