<?xml version="1.0" encoding="utf-8"?><testsuites name="pytest tests"><testsuite name="pytest" errors="0" failures="0" skipped="0" tests="7" time="1.937" timestamp="2026-06-29T02:28:31.486874+00:00" hostname="agent-env-e5973df1-c4c7-4564-a96b-1313a3d2a20f"><testcase classname="backend.tests.test_auth_deployment" name="test_api_routing_unauthenticated_me_returns_401" time="0.176" /><testcase classname="backend.tests.test_auth_deployment" name="test_admin_login_success" time="0.270" /><testcase classname="backend.tests.test_auth_deployment" name="test_student_login_success" time="0.267" /><testcase classname="backend.tests.test_auth_deployment" name="test_login_wrong_password_returns_401" time="0.269" /><testcase classname="backend.tests.test_auth_deployment" name="test_auth_me_with_admin_token" time="0.366" /><testcase classname="backend.tests.test_auth_deployment" name="test_users_seeded_in_mongo" time="0.125" /><testcase classname="backend.tests.test_auth_deployment" name="test_get_batches_as_student" time="0.388" /></testsuite></testsuites>