<?xml version="1.0" encoding="utf-8"?><testsuites name="pytest tests"><testsuite name="pytest" errors="0" failures="0" skipped="0" tests="10" time="20.361" timestamp="2026-06-29T08:56:14.502740+00:00" hostname="agent-env-e5973df1-c4c7-4564-a96b-1313a3d2a20f"><testcase classname="backend.tests.test_change_password.TestChangePasswordValidation" name="test_no_token_returns_401" time="0.096" /><testcase classname="backend.tests.test_change_password.TestChangePasswordValidation" name="test_short_new_password_returns_422" time="3.532" /><testcase classname="backend.tests.test_change_password.TestChangePasswordValidation" name="test_wrong_current_password_returns_401" time="2.093" /><testcase classname="backend.tests.test_change_password.TestChangePasswordValidation" name="test_new_equal_to_current_returns_400" time="2.062" /><testcase classname="backend.tests.test_change_password.TestChangePasswordHappyPath" name="test_happy_path[admin]" time="4.641" /><testcase classname="backend.tests.test_change_password.TestChangePasswordHappyPath" name="test_happy_path[student]" time="4.387" /><testcase classname="backend.tests.test_change_password.TestRegression" name="test_forgot_password_returns_200_for_any_email" time="0.331" /><testcase classname="backend.tests.test_change_password.TestRegression" name="test_reset_password_invalid_token_returns_400" time="0.339" /><testcase classname="backend.tests.test_change_password.TestRegression" name="test_login_me_logout_still_work" time="1.654" /><testcase classname="backend.tests.test_change_password.TestRegression" name="test_login_unaffected_after_change_password" time="1.040" /></testsuite></testsuites>